2019-06-05 00:03:20,727 INFO PERFORMANCE:|1|1|-1|-1

2019-06-05 00:08:20,727 INFO PERFORMANCE:|1|1|-1|-1

2019-06-05 00:13:20,728 INFO PERFORMANCE:|1|1|-1|-1

2019-06-05 00:18:20,728 INFO PERFORMANCE:|1|1|-1|-1

2019-06-05 00:23:20,728 INFO PERFORMANCE:|1|1|-1|-1

2019-06-05 00:28:20,729 INFO PERFORMANCE:|1|1|-1|-1

2019-06-05 00:33:20,729 INFO PERFORMANCE:|1|1|-1|-1

2019-06-05 00:38:20,729 INFO PERFORMANCE:|1|1|-1|-1

2019-06-05 00:43:20,730 INFO PERFORMANCE:|1|1|-1|-1

2019-06-05 00:48:20,730 INFO PERFORMANCE:|1|1|-1|-1

2019-06-05 00:53:20,730 INFO PERFORMANCE:|1|1|-1|-1

2019-06-05 00:58:20,730 INFO PERFORMANCE:|1|1|-1|-1

2019-06-05 01:03:20,731 INFO PERFORMANCE:|1|1|-1|-1

2019-06-05 01:08:20,731 INFO PERFORMANCE:|1|1|-1|-1

2019-06-05 01:13:20,732 INFO PERFORMANCE:|1|1|-1|-1

2019-06-05 01:18:20,732 INFO PERFORMANCE:|1|1|-1|-1

2019-06-05 01:23:20,732 INFO PERFORMANCE:|1|1|-1|-1

2019-06-05 01:28:20,732 INFO PERFORMANCE:|1|1|-1|-1

2019-06-05 01:33:20,733 INFO PERFORMANCE:|1|1|-1|-1

2019-06-05 01:38:20,733 INFO PERFORMANCE:|1|1|-1|-1

2019-06-05 01:43:20,733 INFO PERFORMANCE:|1|1|-1|-1

