Listening for transport dt_socket at address: 9555

         ,--.
       ,--.'|
   ,--,:  : |                                           Nacos 1.0.0
,`--.'`|  ' :                       ,---.               Running in cluster mode, All function modules
|   :  :  | |                      '   ,'\   .--.--.    Port: 8848
:   |   \ | :  ,--.--.     ,---.  /   /   | /  /    '   Pid: 29
|   : '  '; | /       \   /     \.   ; ,. :|  :  /`./   Console: http://nacos2:8848/nacos/index.html
'   ' ;.    ;.--.  .-. | /    / ''   | |: :|  :  ;_
|   | | \   | \__\/: . ..    ' / '   | .; : \  \    `.      https://nacos.io
'   : |  ; .' ," .--.; |'   ; :__|   :    |  `----.   \
|   | '`--'  /  /  ,.  |'   | '.'|\   \  /  /  /`--'  /
'   : |     ;  :   .'   \   :    : `----'  '--'.     /
;   |.'     |  ,     .-./\   \  /            `--'---'
'---'        `--`---'     `----'

2019-06-04 19:27:31,081 INFO The server IP list of Nacos is [nacos1:8848, nacos2:8848, nacos3:8848]

2019-06-04 19:27:32,090 INFO Nacos is starting...

2019-06-04 19:27:33,092 INFO Nacos is starting...

2019-06-04 19:27:34,094 INFO Nacos is starting...

2019-06-04 19:27:35,152 INFO Nacos is starting...

2019-06-04 19:27:36,153 INFO Nacos is starting...

2019-06-04 19:27:37,153 INFO Nacos is starting...

2019-06-04 19:27:38,154 INFO Nacos is starting...

2019-06-04 19:27:39,154 INFO Nacos is starting...

2019-06-04 19:27:40,155 INFO Nacos is starting...

2019-06-04 19:27:41,156 INFO Nacos is starting...

2019-06-04 19:27:42,160 INFO Nacos is starting...

2019-06-04 19:27:43,164 INFO Nacos is starting...

2019-06-04 19:27:44,165 INFO Nacos is starting...

2019-06-04 19:27:45,167 INFO Nacos is starting...

2019-06-04 19:27:46,169 INFO Nacos is starting...

2019-06-04 19:27:47,172 INFO Nacos is starting...

2019-06-04 19:27:48,178 INFO Nacos is starting...

2019-06-04 19:27:49,179 INFO Nacos is starting...

2019-06-04 19:27:50,179 INFO Nacos is starting...

2019-06-04 19:27:51,180 INFO Nacos is starting...

2019-06-04 19:27:52,181 INFO Nacos is starting...

2019-06-04 19:27:53,182 INFO Nacos is starting...

2019-06-04 19:27:54,188 INFO Nacos is starting...

2019-06-04 19:27:55,189 INFO Nacos is starting...

2019-06-04 19:27:55,616 INFO Nacos Log files: /home/nacos/logs/

2019-06-04 19:27:55,616 INFO Nacos Conf files: /home/nacos/conf/

2019-06-04 19:27:55,616 INFO Nacos Data files: /home/nacos/data/

2019-06-04 19:27:55,617 INFO Nacos started successfully in cluster mode.

