2019-06-05 00:03:21,883 INFO PERFORMANCE:|1|1|-1|-1

2019-06-05 00:08:21,883 INFO PERFORMANCE:|1|1|-1|-1

2019-06-05 00:13:21,884 INFO PERFORMANCE:|1|1|-1|-1

2019-06-05 00:18:21,884 INFO PERFORMANCE:|1|1|-1|-1

2019-06-05 00:23:21,884 INFO PERFORMANCE:|1|1|-1|-1

2019-06-05 00:28:21,885 INFO PERFORMANCE:|1|1|-1|-1

2019-06-05 00:33:21,885 INFO PERFORMANCE:|1|1|-1|-1

2019-06-05 00:38:21,885 INFO PERFORMANCE:|1|1|-1|-1

2019-06-05 00:43:21,886 INFO PERFORMANCE:|1|1|-1|-1

2019-06-05 00:48:21,886 INFO PERFORMANCE:|1|1|-1|-1

2019-06-05 00:53:21,888 INFO PERFORMANCE:|1|1|-1|-1

2019-06-05 00:58:21,888 INFO PERFORMANCE:|1|1|-1|-1

2019-06-05 01:03:21,889 INFO PERFORMANCE:|1|1|-1|-1

2019-06-05 01:08:21,889 INFO PERFORMANCE:|1|1|-1|-1

2019-06-05 01:13:21,889 INFO PERFORMANCE:|1|1|-1|-1

2019-06-05 01:18:21,890 INFO PERFORMANCE:|1|1|-1|-1

2019-06-05 01:23:21,890 INFO PERFORMANCE:|1|1|-1|-1

2019-06-05 01:28:21,890 INFO PERFORMANCE:|1|1|-1|-1

2019-06-05 01:33:21,891 INFO PERFORMANCE:|1|1|-1|-1

2019-06-05 01:38:21,891 INFO PERFORMANCE:|1|1|-1|-1

2019-06-05 01:43:21,891 INFO PERFORMANCE:|1|1|-1|-1

