Listening for transport dt_socket at address: 9555

         ,--.
       ,--.'|
   ,--,:  : |                                           Nacos 1.0.0
,`--.'`|  ' :                       ,---.               Running in cluster mode, All function modules
|   :  :  | |                      '   ,'\   .--.--.    Port: 8848
:   |   \ | :  ,--.--.     ,---.  /   /   | /  /    '   Pid: 29
|   : '  '; | /       \   /     \.   ; ,. :|  :  /`./   Console: http://nacos1:8848/nacos/index.html
'   ' ;.    ;.--.  .-. | /    / ''   | |: :|  :  ;_
|   | | \   | \__\/: . ..    ' / '   | .; : \  \    `.      https://nacos.io
'   : |  ; .' ," .--.; |'   ; :__|   :    |  `----.   \
|   | '`--'  /  /  ,.  |'   | '.'|\   \  /  /  /`--'  /
'   : |     ;  :   .'   \   :    : `----'  '--'.     /
;   |.'     |  ,     .-./\   \  /            `--'---'
'---'        `--`---'     `----'

2019-06-04 19:27:32,998 INFO The server IP list of Nacos is [nacos1:8848, nacos2:8848, nacos3:8848]

2019-06-04 19:27:34,032 INFO Nacos is starting...

2019-06-04 19:27:35,042 INFO Nacos is starting...

2019-06-04 19:27:36,043 INFO Nacos is starting...

2019-06-04 19:27:37,048 INFO Nacos is starting...

2019-06-04 19:27:38,049 INFO Nacos is starting...

2019-06-04 19:27:39,049 INFO Nacos is starting...

2019-06-04 19:27:40,056 INFO Nacos is starting...

2019-06-04 19:27:41,057 INFO Nacos is starting...

2019-06-04 19:27:42,057 INFO Nacos is starting...

2019-06-04 19:27:43,058 INFO Nacos is starting...

2019-06-04 19:27:44,060 INFO Nacos is starting...

2019-06-04 19:27:45,068 INFO Nacos is starting...

2019-06-04 19:27:46,071 INFO Nacos is starting...

2019-06-04 19:27:47,072 INFO Nacos is starting...

2019-06-04 19:27:48,072 INFO Nacos is starting...

2019-06-04 19:27:49,073 INFO Nacos is starting...

2019-06-04 19:27:50,074 INFO Nacos is starting...

2019-06-04 19:27:51,075 INFO Nacos is starting...

2019-06-04 19:27:52,076 INFO Nacos is starting...

2019-06-04 19:27:53,079 INFO Nacos is starting...

2019-06-04 19:27:54,084 INFO Nacos is starting...

2019-06-04 19:27:55,085 INFO Nacos is starting...

2019-06-04 19:27:56,085 INFO Nacos is starting...

2019-06-04 19:27:57,086 INFO Nacos is starting...

2019-06-04 19:27:57,228 INFO Nacos Log files: /home/nacos/logs/

2019-06-04 19:27:57,239 INFO Nacos Conf files: /home/nacos/conf/

2019-06-04 19:27:57,239 INFO Nacos Data files: /home/nacos/data/

2019-06-04 19:27:57,239 INFO Nacos started successfully in cluster mode.

