2019-06-05 00:03:20,686 INFO PERFORMANCE:|1|1|-1|-1

2019-06-05 00:08:20,687 INFO PERFORMANCE:|1|1|-1|-1

2019-06-05 00:13:20,687 INFO PERFORMANCE:|1|1|-1|-1

2019-06-05 00:18:20,688 INFO PERFORMANCE:|1|1|-1|-1

2019-06-05 00:23:20,688 INFO PERFORMANCE:|1|1|-1|-1

2019-06-05 00:28:20,688 INFO PERFORMANCE:|1|1|-1|-1

2019-06-05 00:33:20,688 INFO PERFORMANCE:|1|1|-1|-1

2019-06-05 00:38:20,689 INFO PERFORMANCE:|1|1|-1|-1

2019-06-05 00:43:20,689 INFO PERFORMANCE:|1|1|-1|-1

2019-06-05 00:48:20,689 INFO PERFORMANCE:|1|1|-1|-1

2019-06-05 00:53:20,690 INFO PERFORMANCE:|1|1|-1|-1

2019-06-05 00:58:20,690 INFO PERFORMANCE:|1|1|-1|-1

2019-06-05 01:03:20,691 INFO PERFORMANCE:|1|1|-1|-1

2019-06-05 01:08:20,691 INFO PERFORMANCE:|1|1|-1|-1

2019-06-05 01:13:20,691 INFO PERFORMANCE:|1|1|-1|-1

2019-06-05 01:18:20,694 INFO PERFORMANCE:|1|1|-1|-1

2019-06-05 01:23:20,695 INFO PERFORMANCE:|1|1|-1|-1

2019-06-05 01:28:20,695 INFO PERFORMANCE:|1|1|-1|-1

2019-06-05 01:33:20,695 INFO PERFORMANCE:|1|1|-1|-1

2019-06-05 01:38:20,695 INFO PERFORMANCE:|1|1|-1|-1

2019-06-05 01:43:20,696 INFO PERFORMANCE:|1|1|-1|-1

