Listening for transport dt_socket at address: 9555

         ,--.
       ,--.'|
   ,--,:  : |                                           Nacos 1.0.0
,`--.'`|  ' :                       ,---.               Running in cluster mode, All function modules
|   :  :  | |                      '   ,'\   .--.--.    Port: 8848
:   |   \ | :  ,--.--.     ,---.  /   /   | /  /    '   Pid: 29
|   : '  '; | /       \   /     \.   ; ,. :|  :  /`./   Console: http://nacos3:8848/nacos/index.html
'   ' ;.    ;.--.  .-. | /    / ''   | |: :|  :  ;_
|   | | \   | \__\/: . ..    ' / '   | .; : \  \    `.      https://nacos.io
'   : |  ; .' ," .--.; |'   ; :__|   :    |  `----.   \
|   | '`--'  /  /  ,.  |'   | '.'|\   \  /  /  /`--'  /
'   : |     ;  :   .'   \   :    : `----'  '--'.     /
;   |.'     |  ,     .-./\   \  /            `--'---'
'---'        `--`---'     `----'

2019-06-04 19:27:31,213 INFO The server IP list of Nacos is [nacos1:8848, nacos2:8848, nacos3:8848]

2019-06-04 19:27:32,236 INFO Nacos is starting...

2019-06-04 19:27:33,237 INFO Nacos is starting...

2019-06-04 19:27:34,240 INFO Nacos is starting...

2019-06-04 19:27:35,240 INFO Nacos is starting...

2019-06-04 19:27:36,244 INFO Nacos is starting...

2019-06-04 19:27:37,251 INFO Nacos is starting...

2019-06-04 19:27:38,252 INFO Nacos is starting...

2019-06-04 19:27:39,252 INFO Nacos is starting...

2019-06-04 19:27:40,254 INFO Nacos is starting...

2019-06-04 19:27:41,256 INFO Nacos is starting...

2019-06-04 19:27:42,260 INFO Nacos is starting...

2019-06-04 19:27:43,262 INFO Nacos is starting...

2019-06-04 19:27:44,272 INFO Nacos is starting...

2019-06-04 19:27:45,276 INFO Nacos is starting...

2019-06-04 19:27:46,392 INFO Nacos is starting...

2019-06-04 19:27:47,396 INFO Nacos is starting...

2019-06-04 19:27:48,400 INFO Nacos is starting...

2019-06-04 19:27:49,401 INFO Nacos is starting...

2019-06-04 19:27:50,403 INFO Nacos is starting...

2019-06-04 19:27:51,408 INFO Nacos is starting...

2019-06-04 19:27:52,414 INFO Nacos is starting...

2019-06-04 19:27:53,415 INFO Nacos is starting...

2019-06-04 19:27:54,418 INFO Nacos is starting...

2019-06-04 19:27:55,419 INFO Nacos is starting...

2019-06-04 19:27:55,520 INFO Nacos Log files: /home/nacos/logs/

2019-06-04 19:27:55,524 INFO Nacos Conf files: /home/nacos/conf/

2019-06-04 19:27:55,525 INFO Nacos Data files: /home/nacos/data/

2019-06-04 19:27:55,525 INFO Nacos started successfully in cluster mode.

